#
# There is insufficient memory for the Java Runtime Environment to continue.
# Native memory allocation (malloc) failed to allocate 50896 bytes. Error detail: Chunk::new
# Possible reasons:
#   The system is out of physical RAM or swap space
#   This process is running with CompressedOops enabled, and the Java Heap may be blocking the growth of the native heap
# Possible solutions:
#   Reduce memory load on the system
#   Increase physical memory or swap space
#   Check if swap backing store is full
#   Decrease Java heap size (-Xmx/-Xms)
#   Decrease number of Java threads
#   Decrease Java thread stack sizes (-Xss)
#   Set larger code cache with -XX:ReservedCodeCacheSize=
#   JVM is running with Unscaled Compressed Oops mode in which the Java heap is
#     placed in the first 4GB address space. The Java Heap base address is the
#     maximum limit for the native heap growth. Please use -XX:HeapBaseMinAddress
#     to set the Java Heap base and to place the Java Heap above 4GB virtual address.
# This output file may be truncated or incomplete.
#
#  Out of Memory Error (arena.cpp:168), pid=24592, tid=12140
#
# JRE version: OpenJDK Runtime Environment Temurin-21.0.10+7 (21.0.10+7) (build 21.0.10+7-LTS)
# Java VM: OpenJDK 64-Bit Server VM Temurin-21.0.10+7 (21.0.10+7-LTS, mixed mode, sharing, tiered, compressed oops, compressed class ptrs, parallel gc, windows-amd64)
# No core dump will be written. Minidumps are not enabled by default on client versions of Windows
#

---------------  S U M M A R Y ------------

Command Line: --add-modules=ALL-SYSTEM --add-opens=java.base/java.util=ALL-UNNAMED --add-opens=java.base/java.lang=ALL-UNNAMED --add-opens=java.base/sun.nio.fs=ALL-UNNAMED -Declipse.application=org.eclipse.jdt.ls.core.id1 -Dosgi.bundles.defaultStartLevel=4 -Declipse.product=org.eclipse.jdt.ls.core.product -Djava.import.generatesMetadataFilesAtProjectRoot=false -DDetectVMInstallationsJob.disabled=true -Dfile.encoding=utf8 -XX:+UseParallelGC -XX:GCTimeRatio=4 -XX:AdaptiveSizePolicyWeight=90 -Dsun.zip.disableMemoryMapping=true -Xmx2G -Xms100m -Xlog:disable -javaagent:c:\Users\nobuh\.vscode\extensions\redhat.java-1.54.0-win32-x64\lombok\lombok-1.18.39-4050.jar -XX:+HeapDumpOnOutOfMemoryError -XX:HeapDumpPath=c:\Users\nobuh\AppData\Roaming\Code\User\workspaceStorage\8fcf4e0a9fa42aa3b537d3a159f80eb2\redhat.java -Daether.dependencyCollector.impl=bf c:\Users\nobuh\.vscode\extensions\redhat.java-1.54.0-win32-x64\server\plugins\org.eclipse.equinox.launcher_1.7.100.v20251111-0406.jar -configuration c:\Users\nobuh\AppData\Roaming\Code\User\globalStorage\redhat.java\1.54.0\config_win -data c:\Users\nobuh\AppData\Roaming\Code\User\workspaceStorage\8fcf4e0a9fa42aa3b537d3a159f80eb2\redhat.java\jdt_ws --pipe=\\.\pipe\lsp-c9a6060771d0defabc90ab11fe301775-sock

Host: Intel(R) Core(TM) i5-8500 CPU @ 3.00GHz, 6 cores, 15G,  Windows 11 , 64 bit Build 26100 (10.0.26100.8328)
Time: Fri May 15 04:57:49 2026 elapsed time: 9.012159 seconds (0d 0h 0m 9s)

---------------  T H R E A D  ---------------

Current thread (0x0000023b1699a990):  JavaThread "C2 CompilerThread1" daemon [_thread_in_native, id=12140, stack(0x000000a24ca00000,0x000000a24cb00000) (1024K)]


Current CompileTask:
C2:9012 3602       4       java.lang.Object::toString (36 bytes)

Stack: [0x000000a24ca00000,0x000000a24cb00000]
Native frames: (J=compiled Java code, j=interpreted, Vv=VM code, C=native code)
V  [jvm.dll+0x6d7a39]
V  [jvm.dll+0x8b4b26]
V  [jvm.dll+0x8b70de]
V  [jvm.dll+0x8b77c3]
V  [jvm.dll+0x284346]
V  [jvm.dll+0xc66ed]
V  [jvm.dll+0xc6c31]
V  [jvm.dll+0x5def17]
V  [jvm.dll+0x38b191]
V  [jvm.dll+0x38a5aa]
V  [jvm.dll+0x24c560]
V  [jvm.dll+0x24bb40]
V  [jvm.dll+0x1cb34e]
V  [jvm.dll+0x25b85d]
V  [jvm.dll+0x259dea]
V  [jvm.dll+0x3f857e]
V  [jvm.dll+0x85f59d]
V  [jvm.dll+0x6d626d]
C  [ucrtbase.dll+0x37b0]
C  [KERNEL32.DLL+0x2e957]
C  [ntdll.dll+0x427c]


---------------  P R O C E S S  ---------------

Threads class SMR info:
_java_thread_list=0x0000023b16fd5110, length=21, elements={
0x0000023ab6586460, 0x0000023ab8880aa0, 0x0000023ab8886ba0, 0x0000023ab888afb0,
0x0000023ab888c9d0, 0x0000023ab888edb0, 0x0000023ab889e7e0, 0x0000023ab88a0170,
0x0000023ab88a1630, 0x0000023b11740c00, 0x0000023b11740570, 0x0000023b11741290,
0x0000023b1173fee0, 0x0000023b11743360, 0x0000023b11741920, 0x0000023b11742cd0,
0x0000023b11741fb0, 0x0000023b1699a990, 0x0000023b11742640, 0x0000023b1696b820,
0x0000023b1696c540
}

Java Threads: ( => current thread )
  0x0000023ab6586460 JavaThread "main"                              [_thread_blocked, id=15164, stack(0x000000a24b100000,0x000000a24b200000) (1024K)]
  0x0000023ab8880aa0 JavaThread "Reference Handler"          daemon [_thread_blocked, id=18872, stack(0x000000a24b500000,0x000000a24b600000) (1024K)]
  0x0000023ab8886ba0 JavaThread "Finalizer"                  daemon [_thread_blocked, id=19556, stack(0x000000a24b600000,0x000000a24b700000) (1024K)]
  0x0000023ab888afb0 JavaThread "Signal Dispatcher"          daemon [_thread_blocked, id=27484, stack(0x000000a24b700000,0x000000a24b800000) (1024K)]
  0x0000023ab888c9d0 JavaThread "Attach Listener"            daemon [_thread_blocked, id=18636, stack(0x000000a24b800000,0x000000a24b900000) (1024K)]
  0x0000023ab888edb0 JavaThread "Service Thread"             daemon [_thread_blocked, id=24596, stack(0x000000a24b900000,0x000000a24ba00000) (1024K)]
  0x0000023ab889e7e0 JavaThread "Monitor Deflation Thread"   daemon [_thread_blocked, id=25764, stack(0x000000a24ba00000,0x000000a24bb00000) (1024K)]
  0x0000023ab88a0170 JavaThread "C2 CompilerThread0"         daemon [_thread_in_native, id=8028, stack(0x000000a24bb00000,0x000000a24bc00000) (1024K)]
  0x0000023ab88a1630 JavaThread "C1 CompilerThread0"         daemon [_thread_in_native, id=22512, stack(0x000000a24bc00000,0x000000a24bd00000) (1024K)]
  0x0000023b11740c00 JavaThread "Common-Cleaner"             daemon [_thread_blocked, id=27412, stack(0x000000a24bd00000,0x000000a24be00000) (1024K)]
  0x0000023b11740570 JavaThread "Notification Thread"        daemon [_thread_blocked, id=21164, stack(0x000000a24bf00000,0x000000a24c000000) (1024K)]
  0x0000023b11741290 JavaThread "Active Thread: Equinox Container: cdd1fc43-42b4-4d2f-b2b1-b47a190fe28d"        [_thread_blocked, id=11428, stack(0x000000a24c500000,0x000000a24c600000) (1024K)]
  0x0000023b1173fee0 JavaThread "Refresh Thread: Equinox Container: cdd1fc43-42b4-4d2f-b2b1-b47a190fe28d" daemon [_thread_blocked, id=10784, stack(0x000000a24be00000,0x000000a24bf00000) (1024K)]
  0x0000023b11743360 JavaThread "Framework Event Dispatcher: Equinox Container: cdd1fc43-42b4-4d2f-b2b1-b47a190fe28d" daemon [_thread_blocked, id=4120, stack(0x000000a24c600000,0x000000a24c700000) (1024K)]
  0x0000023b11741920 JavaThread "Start Level: Equinox Container: cdd1fc43-42b4-4d2f-b2b1-b47a190fe28d" daemon [_thread_in_Java, id=10608, stack(0x000000a24c700000,0x000000a24c800000) (1024K)]
  0x0000023b11742cd0 JavaThread "Bundle File Closer"         daemon [_thread_blocked, id=11364, stack(0x000000a24c900000,0x000000a24ca00000) (1024K)]
  0x0000023b11741fb0 JavaThread "SCR Component Actor"        daemon [_thread_blocked, id=17212, stack(0x000000a24c800000,0x000000a24c900000) (1024K)]
=>0x0000023b1699a990 JavaThread "C2 CompilerThread1"         daemon [_thread_in_native, id=12140, stack(0x000000a24ca00000,0x000000a24cb00000) (1024K)]
  0x0000023b11742640 JavaThread "Worker-JM"                         [_thread_blocked, id=4020, stack(0x000000a24cb00000,0x000000a24cc00000) (1024K)]
  0x0000023b1696b820 JavaThread "Worker-0"                          [_thread_blocked, id=15528, stack(0x000000a24cc00000,0x000000a24cd00000) (1024K)]
  0x0000023b1696c540 JavaThread "Worker-1"                          [_thread_blocked, id=24832, stack(0x000000a24cd00000,0x000000a24ce00000) (1024K)]
Total: 21

Other Threads:
  0x0000023ab8871a20 VMThread "VM Thread"                           [id=9100, stack(0x000000a24b400000,0x000000a24b500000) (1024K)]
  0x0000023ab87cca00 WatcherThread "VM Periodic Task Thread"        [id=25072, stack(0x000000a24b300000,0x000000a24b400000) (1024K)]
  0x0000023ab896c4f0 WorkerThread "GC Thread#0"                     [id=25468, stack(0x000000a24b200000,0x000000a24b300000) (1024K)]
  0x0000023b163d3670 WorkerThread "GC Thread#1"                     [id=15856, stack(0x000000a24c000000,0x000000a24c100000) (1024K)]
  0x0000023b163d3a20 WorkerThread "GC Thread#2"                     [id=21868, stack(0x000000a24c100000,0x000000a24c200000) (1024K)]
  0x0000023b16690b30 WorkerThread "GC Thread#3"                     [id=23584, stack(0x000000a24c200000,0x000000a24c300000) (1024K)]
  0x0000023b163f8280 WorkerThread "GC Thread#4"                     [id=25272, stack(0x000000a24c300000,0x000000a24c400000) (1024K)]
  0x0000023b163f8630 WorkerThread "GC Thread#5"                     [id=24200, stack(0x000000a24c400000,0x000000a24c500000) (1024K)]
Total: 8

Threads with active compile tasks:
C2 CompilerThread0  9044 3636       4       org.lombokweb.asm.SymbolTable::addConstantUtf8 (98 bytes)
C2 CompilerThread1  9044 3602       4       java.lang.Object::toString (36 bytes)
Total: 2

VM state: not at safepoint (normal execution)

VM Mutex/Monitor currently owned by a thread: None

Heap address: 0x0000000080000000, size: 2048 MB, Compressed Oops mode: 32-bit

CDS archive(s) mapped at: [0x0000023ad0000000-0x0000023ad0ba0000-0x0000023ad0ba0000), size 12189696, SharedBaseAddress: 0x0000023ad0000000, ArchiveRelocationMode: 1.
Compressed class space mapped at: 0x0000023ad1000000-0x0000023b11000000, reserved size: 1073741824
Narrow klass base: 0x0000023ad0000000, Narrow klass shift: 0, Narrow klass range: 0x100000000

GC Precious Log:
 CardTable entry size: 512
 CPUs: 6 total, 6 available
 Memory: 16288M
 Large Page Support: Disabled
 NUMA Support: Disabled
 Compressed Oops: Enabled (32-bit)
 Alignments: Space 512K, Generation 512K, Heap 2M
 Heap Min Capacity: 100M
 Heap Initial Capacity: 100M
 Heap Max Capacity: 2G
 Pre-touch: Disabled
 Parallel Workers: 6

Heap:
 PSYoungGen      total 29696K, used 4245K [0x00000000d5580000, 0x00000000d7880000, 0x0000000100000000)
  eden space 24576K, 17% used [0x00000000d5580000,0x00000000d59a5738,0x00000000d6d80000)
  from space 5120K, 0% used [0x00000000d7380000,0x00000000d7380000,0x00000000d7880000)
  to   space 5120K, 0% used [0x00000000d6e80000,0x00000000d6e80000,0x00000000d7380000)
 ParOldGen       total 68608K, used 14999K [0x0000000080000000, 0x0000000084300000, 0x00000000d5580000)
  object space 68608K, 21% used [0x0000000080000000,0x0000000080ea5de0,0x0000000084300000)
 Metaspace       used 20712K, committed 21568K, reserved 1114112K
  class space    used 2154K, committed 2496K, reserved 1048576K

Card table byte_map: [0x0000023ab82e0000,0x0000023ab86f0000] _byte_map_base: 0x0000023ab7ee0000

Marking Bits: (ParMarkBitMap*) 0x00007ff9194a3450
 Begin Bits: [0x0000023acadf0000, 0x0000023accdf0000)
 End Bits:   [0x0000023accdf0000, 0x0000023acedf0000)

Polling page: 0x0000023ab68d0000

Metaspace:

Usage:
  Non-class:     18.12 MB used.
      Class:      2.10 MB used.
       Both:     20.23 MB used.

Virtual space:
  Non-class space:       64.00 MB reserved,      18.62 MB ( 29%) committed,  1 nodes.
      Class space:        1.00 GB reserved,       2.44 MB ( <1%) committed,  1 nodes.
             Both:        1.06 GB reserved,      21.06 MB (  2%) committed. 

Chunk freelists:
   Non-Class:  13.00 MB
       Class:  13.56 MB
        Both:  26.55 MB

MaxMetaspaceSize: unlimited
CompressedClassSpaceSize: 1.00 GB
Initial GC threshold: 21.00 MB
Current GC threshold: 35.00 MB
CDS: on
 - commit_granule_bytes: 65536.
 - commit_granule_words: 8192.
 - virtual_space_node_default_size: 8388608.
 - enlarge_chunks_in_place: 1.
 - use_allocation_guard: 0.


Internal statistics:

num_allocs_failed_limit: 3.
num_arena_births: 586.
num_arena_deaths: 14.
num_vsnodes_births: 2.
num_vsnodes_deaths: 0.
num_space_committed: 337.
num_space_uncommitted: 0.
num_chunks_returned_to_freelist: 17.
num_chunks_taken_from_freelist: 1403.
num_chunk_merges: 7.
num_chunk_splits: 887.
num_chunks_enlarged: 557.
num_inconsistent_stats: 0.

CodeHeap 'non-profiled nmethods': size=120000Kb used=1667Kb max_used=1667Kb free=118332Kb
 bounds [0x0000023ac3610000, 0x0000023ac3880000, 0x0000023acab40000]
CodeHeap 'profiled nmethods': size=120000Kb used=7413Kb max_used=7413Kb free=112586Kb
 bounds [0x0000023abbb40000, 0x0000023abc280000, 0x0000023ac3070000]
CodeHeap 'non-nmethods': size=5760Kb used=1281Kb max_used=1360Kb free=4479Kb
 bounds [0x0000023ac3070000, 0x0000023ac32e0000, 0x0000023ac3610000]
CodeCache: size=245760Kb, used=10361Kb, max_used=10440Kb, free=235397Kb
 total_blobs=4202, nmethods=3643, adapters=465, full_count=0
Compilation: enabled, stopped_count=0, restarted_count=0

Compilation events (20 events):
Event: 9.001 Thread 0x0000023ab88a1630 3612       3       org.lombokweb.asm.Label::resolve (259 bytes)
Event: 9.001 Thread 0x0000023ab88a0170 3619       4       org.lombokweb.asm.SymbolTable::addConstantUtf8 (20 bytes)
Event: 9.001 Thread 0x0000023ab88a1630 nmethod 3612 0x0000023abc267210 code [0x0000023abc267400, 0x0000023abc2679a8]
Event: 9.002 Thread 0x0000023ab88a1630 3618       3       org.lombokweb.asm.MethodWriter::putMethodInfo (1274 bytes)
Event: 9.004 Thread 0x0000023ab88a0170 nmethod 3619 0x0000023ac37ae290 code [0x0000023ac37ae440, 0x0000023ac37ae738]
Event: 9.004 Thread 0x0000023ab88a1630 nmethod 3618 0x0000023abc267d10 code [0x0000023abc268400, 0x0000023abc26a8d8]
Event: 9.004 Thread 0x0000023ab88a0170 3620       4       org.lombokweb.asm.ClassReader::readUTF8 (23 bytes)
Event: 9.004 Thread 0x0000023ab88a1630 3610       3       org.lombokweb.asm.MethodWriter::visitLabel (332 bytes)
Event: 9.004 Thread 0x0000023ab88a1630 nmethod 3610 0x0000023abc26bc10 code [0x0000023abc26be60, 0x0000023abc26c758]
Event: 9.004 Thread 0x0000023ab88a1630 3616       3       org.lombokweb.asm.MethodWriter::computeMethodInfoSize (571 bytes)
Event: 9.005 Thread 0x0000023ab88a0170 nmethod 3620 0x0000023ac37ae990 code [0x0000023ac37aeb20, 0x0000023ac37aec88]
Event: 9.005 Thread 0x0000023ab88a0170 3621       4       org.lombokweb.asm.ByteVector::putShort (52 bytes)
Event: 9.009 Thread 0x0000023ab88a1630 nmethod 3616 0x0000023abc26c990 code [0x0000023abc26ccc0, 0x0000023abc26db78]
Event: 9.009 Thread 0x0000023ab88a0170 nmethod 3621 0x0000023ac37aee10 code [0x0000023ac37aefc0, 0x0000023ac37af190]
Event: 9.009 Thread 0x0000023ab88a1630 3617       3       org.lombokweb.asm.MethodWriter::hasFrames (13 bytes)
Event: 9.009 Thread 0x0000023ab88a0170 3622       4       org.lombokweb.asm.ClassReader::readClass (7 bytes)
Event: 9.009 Thread 0x0000023ab88a1630 nmethod 3617 0x0000023abc26e210 code [0x0000023abc26e3a0, 0x0000023abc26e500]
Event: 9.009 Thread 0x0000023ab88a1630 3624       3       org.lombokweb.asm.ClassReader::readField (675 bytes)
Event: 9.011 Thread 0x0000023ab88a0170 nmethod 3622 0x0000023ac37af310 code [0x0000023ac37af4c0, 0x0000023ac37af6f8]
Event: 9.011 Thread 0x0000023ab88a0170 3627       4       java.lang.Character::charCount (12 bytes)

GC Heap History (14 events):
Event: 0.902 GC heap before
{Heap before GC invocations=1 (full 0):
 PSYoungGen      total 29696K, used 25600K [0x00000000d5580000, 0x00000000d7680000, 0x0000000100000000)
  eden space 25600K, 100% used [0x00000000d5580000,0x00000000d6e80000,0x00000000d6e80000)
  from space 4096K, 0% used [0x00000000d7280000,0x00000000d7280000,0x00000000d7680000)
  to   space 4096K, 0% used [0x00000000d6e80000,0x00000000d6e80000,0x00000000d7280000)
 ParOldGen       total 68608K, used 0K [0x0000000080000000, 0x0000000084300000, 0x00000000d5580000)
  object space 68608K, 0% used [0x0000000080000000,0x0000000080000000,0x0000000084300000)
 Metaspace       used 4316K, committed 4544K, reserved 1114112K
  class space    used 475K, committed 576K, reserved 1048576K
}
Event: 0.917 GC heap after
{Heap after GC invocations=1 (full 0):
 PSYoungGen      total 29696K, used 3365K [0x00000000d5580000, 0x00000000d7680000, 0x0000000100000000)
  eden space 25600K, 0% used [0x00000000d5580000,0x00000000d5580000,0x00000000d6e80000)
  from space 4096K, 82% used [0x00000000d6e80000,0x00000000d71c9758,0x00000000d7280000)
  to   space 4096K, 0% used [0x00000000d7280000,0x00000000d7280000,0x00000000d7680000)
 ParOldGen       total 68608K, used 8K [0x0000000080000000, 0x0000000084300000, 0x00000000d5580000)
  object space 68608K, 0% used [0x0000000080000000,0x0000000080002000,0x0000000084300000)
 Metaspace       used 4316K, committed 4544K, reserved 1114112K
  class space    used 475K, committed 576K, reserved 1048576K
}
Event: 4.216 GC heap before
{Heap before GC invocations=2 (full 0):
 PSYoungGen      total 29696K, used 28965K [0x00000000d5580000, 0x00000000d7680000, 0x0000000100000000)
  eden space 25600K, 100% used [0x00000000d5580000,0x00000000d6e80000,0x00000000d6e80000)
  from space 4096K, 82% used [0x00000000d6e80000,0x00000000d71c9758,0x00000000d7280000)
  to   space 4096K, 0% used [0x00000000d7280000,0x00000000d7280000,0x00000000d7680000)
 ParOldGen       total 68608K, used 8K [0x0000000080000000, 0x0000000084300000, 0x00000000d5580000)
  object space 68608K, 0% used [0x0000000080000000,0x0000000080002000,0x0000000084300000)
 Metaspace       used 8008K, committed 8256K, reserved 1114112K
  class space    used 835K, committed 960K, reserved 1048576K
}
Event: 4.220 GC heap after
{Heap after GC invocations=2 (full 0):
 PSYoungGen      total 29696K, used 4091K [0x00000000d5580000, 0x00000000d7680000, 0x0000000100000000)
  eden space 25600K, 0% used [0x00000000d5580000,0x00000000d5580000,0x00000000d6e80000)
  from space 4096K, 99% used [0x00000000d7280000,0x00000000d767ee10,0x00000000d7680000)
  to   space 4096K, 0% used [0x00000000d6e80000,0x00000000d6e80000,0x00000000d7280000)
 ParOldGen       total 68608K, used 2127K [0x0000000080000000, 0x0000000084300000, 0x00000000d5580000)
  object space 68608K, 3% used [0x0000000080000000,0x0000000080213e58,0x0000000084300000)
 Metaspace       used 8008K, committed 8256K, reserved 1114112K
  class space    used 835K, committed 960K, reserved 1048576K
}
Event: 4.721 GC heap before
{Heap before GC invocations=3 (full 0):
 PSYoungGen      total 29696K, used 29691K [0x00000000d5580000, 0x00000000d7680000, 0x0000000100000000)
  eden space 25600K, 100% used [0x00000000d5580000,0x00000000d6e80000,0x00000000d6e80000)
  from space 4096K, 99% used [0x00000000d7280000,0x00000000d767ee10,0x00000000d7680000)
  to   space 4096K, 0% used [0x00000000d6e80000,0x00000000d6e80000,0x00000000d7280000)
 ParOldGen       total 68608K, used 2127K [0x0000000080000000, 0x0000000084300000, 0x00000000d5580000)
  object space 68608K, 3% used [0x0000000080000000,0x0000000080213e58,0x0000000084300000)
 Metaspace       used 9428K, committed 9792K, reserved 1114112K
  class space    used 1009K, committed 1152K, reserved 1048576K
}
Event: 4.725 GC heap after
{Heap after GC invocations=3 (full 0):
 PSYoungGen      total 29696K, used 4084K [0x00000000d5580000, 0x00000000d7680000, 0x0000000100000000)
  eden space 25600K, 0% used [0x00000000d5580000,0x00000000d5580000,0x00000000d6e80000)
  from space 4096K, 99% used [0x00000000d6e80000,0x00000000d727d2f0,0x00000000d7280000)
  to   space 4096K, 0% used [0x00000000d7280000,0x00000000d7280000,0x00000000d7680000)
 ParOldGen       total 68608K, used 5010K [0x0000000080000000, 0x0000000084300000, 0x00000000d5580000)
  object space 68608K, 7% used [0x0000000080000000,0x00000000804e4800,0x0000000084300000)
 Metaspace       used 9428K, committed 9792K, reserved 1114112K
  class space    used 1009K, committed 1152K, reserved 1048576K
}
Event: 8.342 GC heap before
{Heap before GC invocations=4 (full 0):
 PSYoungGen      total 29696K, used 29684K [0x00000000d5580000, 0x00000000d7680000, 0x0000000100000000)
  eden space 25600K, 100% used [0x00000000d5580000,0x00000000d6e80000,0x00000000d6e80000)
  from space 4096K, 99% used [0x00000000d6e80000,0x00000000d727d2f0,0x00000000d7280000)
  to   space 4096K, 0% used [0x00000000d7280000,0x00000000d7280000,0x00000000d7680000)
 ParOldGen       total 68608K, used 5010K [0x0000000080000000, 0x0000000084300000, 0x00000000d5580000)
  object space 68608K, 7% used [0x0000000080000000,0x00000000804e4800,0x0000000084300000)
 Metaspace       used 11629K, committed 12032K, reserved 1114112K
  class space    used 1228K, committed 1408K, reserved 1048576K
}
Event: 8.345 GC heap after
{Heap after GC invocations=4 (full 0):
 PSYoungGen      total 29696K, used 4090K [0x00000000d5580000, 0x00000000d7680000, 0x0000000100000000)
  eden space 25600K, 0% used [0x00000000d5580000,0x00000000d5580000,0x00000000d6e80000)
  from space 4096K, 99% used [0x00000000d7280000,0x00000000d767eaa0,0x00000000d7680000)
  to   space 4096K, 0% used [0x00000000d6e80000,0x00000000d6e80000,0x00000000d7280000)
 ParOldGen       total 68608K, used 6764K [0x0000000080000000, 0x0000000084300000, 0x00000000d5580000)
  object space 68608K, 9% used [0x0000000080000000,0x000000008069b050,0x0000000084300000)
 Metaspace       used 11629K, committed 12032K, reserved 1114112K
  class space    used 1228K, committed 1408K, reserved 1048576K
}
Event: 8.628 GC heap before
{Heap before GC invocations=5 (full 0):
 PSYoungGen      total 29696K, used 29690K [0x00000000d5580000, 0x00000000d7680000, 0x0000000100000000)
  eden space 25600K, 100% used [0x00000000d5580000,0x00000000d6e80000,0x00000000d6e80000)
  from space 4096K, 99% used [0x00000000d7280000,0x00000000d767eaa0,0x00000000d7680000)
  to   space 4096K, 0% used [0x00000000d6e80000,0x00000000d6e80000,0x00000000d7280000)
 ParOldGen       total 68608K, used 6764K [0x0000000080000000, 0x0000000084300000, 0x00000000d5580000)
  object space 68608K, 9% used [0x0000000080000000,0x000000008069b050,0x0000000084300000)
 Metaspace       used 15522K, committed 16128K, reserved 1114112K
  class space    used 1620K, committed 1920K, reserved 1048576K
}
Event: 8.631 GC heap after
{Heap after GC invocations=5 (full 0):
 PSYoungGen      total 29184K, used 4093K [0x00000000d5580000, 0x00000000d7900000, 0x0000000100000000)
  eden space 25088K, 0% used [0x00000000d5580000,0x00000000d5580000,0x00000000d6e00000)
  from space 4096K, 99% used [0x00000000d6e80000,0x00000000d727f408,0x00000000d7280000)
  to   space 5632K, 0% used [0x00000000d7380000,0x00000000d7380000,0x00000000d7900000)
 ParOldGen       total 68608K, used 7812K [0x0000000080000000, 0x0000000084300000, 0x00000000d5580000)
  object space 68608K, 11% used [0x0000000080000000,0x00000000807a1050,0x0000000084300000)
 Metaspace       used 15522K, committed 16128K, reserved 1114112K
  class space    used 1620K, committed 1920K, reserved 1048576K
}
Event: 8.837 GC heap before
{Heap before GC invocations=6 (full 0):
 PSYoungGen      total 29184K, used 29181K [0x00000000d5580000, 0x00000000d7900000, 0x0000000100000000)
  eden space 25088K, 100% used [0x00000000d5580000,0x00000000d6e00000,0x00000000d6e00000)
  from space 4096K, 99% used [0x00000000d6e80000,0x00000000d727f408,0x00000000d7280000)
  to   space 5632K, 0% used [0x00000000d7380000,0x00000000d7380000,0x00000000d7900000)
 ParOldGen       total 68608K, used 7812K [0x0000000080000000, 0x0000000084300000, 0x00000000d5580000)
  object space 68608K, 11% used [0x0000000080000000,0x00000000807a1050,0x0000000084300000)
 Metaspace       used 17862K, committed 18688K, reserved 1114112K
  class space    used 1880K, committed 2240K, reserved 1048576K
}
Event: 8.841 GC heap after
{Heap after GC invocations=6 (full 0):
 PSYoungGen      total 29696K, used 4698K [0x00000000d5580000, 0x00000000d7880000, 0x0000000100000000)
  eden space 24576K, 0% used [0x00000000d5580000,0x00000000d5580000,0x00000000d6d80000)
  from space 5120K, 91% used [0x00000000d7380000,0x00000000d7816b30,0x00000000d7880000)
  to   space 5120K, 0% used [0x00000000d6e80000,0x00000000d6e80000,0x00000000d7380000)
 ParOldGen       total 68608K, used 7820K [0x0000000080000000, 0x0000000084300000, 0x00000000d5580000)
  object space 68608K, 11% used [0x0000000080000000,0x00000000807a3050,0x0000000084300000)
 Metaspace       used 17862K, committed 18688K, reserved 1114112K
  class space    used 1880K, committed 2240K, reserved 1048576K
}
Event: 9.005 GC heap before
{Heap before GC invocations=7 (full 0):
 PSYoungGen      total 29696K, used 29274K [0x00000000d5580000, 0x00000000d7880000, 0x0000000100000000)
  eden space 24576K, 100% used [0x00000000d5580000,0x00000000d6d80000,0x00000000d6d80000)
  from space 5120K, 91% used [0x00000000d7380000,0x00000000d7816b30,0x00000000d7880000)
  to   space 5120K, 0% used [0x00000000d6e80000,0x00000000d6e80000,0x00000000d7380000)
 ParOldGen       total 68608K, used 7820K [0x0000000080000000, 0x0000000084300000, 0x00000000d5580000)
  object space 68608K, 11% used [0x0000000080000000,0x00000000807a3050,0x0000000084300000)
 Metaspace       used 20710K, committed 21504K, reserved 1114112K
  class space    used 2158K, committed 2496K, reserved 1048576K
}
Event: 9.009 GC heap after
{Heap after GC invocations=7 (full 0):
 PSYoungGen      total 29696K, used 5115K [0x00000000d5580000, 0x00000000d7880000, 0x0000000100000000)
  eden space 24576K, 0% used [0x00000000d5580000,0x00000000d5580000,0x00000000d6d80000)
  from space 5120K, 99% used [0x00000000d6e80000,0x00000000d737ef60,0x00000000d7380000)
  to   space 5120K, 0% used [0x00000000d7380000,0x00000000d7380000,0x00000000d7880000)
 ParOldGen       total 68608K, used 10476K [0x0000000080000000, 0x0000000084300000, 0x00000000d5580000)
  object space 68608K, 15% used [0x0000000080000000,0x0000000080a3b3a8,0x0000000084300000)
 Metaspace       used 20710K, committed 21504K, reserved 1114112K
  class space    used 2158K, committed 2496K, reserved 1048576K
}

Dll operation events (9 events):
Event: 0.344 Loaded shared library c:\Users\nobuh\.vscode\extensions\redhat.java-1.54.0-win32-x64\jre\21.0.10-win32-x86_64\bin\java.dll
Event: 0.378 Loaded shared library c:\Users\nobuh\.vscode\extensions\redhat.java-1.54.0-win32-x64\jre\21.0.10-win32-x86_64\bin\zip.dll
Event: 0.426 Loaded shared library C:\Users\nobuh\.vscode\extensions\redhat.java-1.54.0-win32-x64\jre\21.0.10-win32-x86_64\bin\instrument.dll
Event: 0.436 Loaded shared library C:\Users\nobuh\.vscode\extensions\redhat.java-1.54.0-win32-x64\jre\21.0.10-win32-x86_64\bin\net.dll
Event: 0.446 Loaded shared library C:\Users\nobuh\.vscode\extensions\redhat.java-1.54.0-win32-x64\jre\21.0.10-win32-x86_64\bin\nio.dll
Event: 0.449 Loaded shared library C:\Users\nobuh\.vscode\extensions\redhat.java-1.54.0-win32-x64\jre\21.0.10-win32-x86_64\bin\zip.dll
Event: 0.461 Loaded shared library C:\Users\nobuh\.vscode\extensions\redhat.java-1.54.0-win32-x64\jre\21.0.10-win32-x86_64\bin\jimage.dll
Event: 0.520 Loaded shared library c:\Users\nobuh\.vscode\extensions\redhat.java-1.54.0-win32-x64\jre\21.0.10-win32-x86_64\bin\verify.dll
Event: 4.394 Loaded shared library C:\Users\nobuh\AppData\Roaming\Code\User\globalStorage\redhat.java\1.54.0\config_win\org.eclipse.equinox.launcher\org.eclipse.equinox.launcher.win32.win32.x86_64_1.3.0.v20260203-2149\eclipse_11919.dll

Deoptimization events (20 events):
Event: 8.863 Thread 0x0000023b11741920 Uncommon trap: trap_request=0xffffffde fr.pc=0x0000023ac37924d0 relative=0x0000000000000130
Event: 8.863 Thread 0x0000023b11741920 Uncommon trap: reason=class_check action=maybe_recompile pc=0x0000023ac37924d0 method=jdk.internal.misc.Unsafe.allocateUninitializedArray(Ljava/lang/Class;I)Ljava/lang/Object; @ 51 c2
Event: 8.863 Thread 0x0000023b11741920 DEOPT PACKING pc=0x0000023ac37924d0 sp=0x000000a24c7f32e0
Event: 8.863 Thread 0x0000023b11741920 DEOPT UNPACKING pc=0x0000023ac30c3aa2 sp=0x000000a24c7f3258 mode 2
Event: 8.863 Thread 0x0000023b11741920 Uncommon trap: trap_request=0xffffffde fr.pc=0x0000023ac37924d0 relative=0x0000000000000130
Event: 8.863 Thread 0x0000023b11741920 Uncommon trap: reason=class_check action=maybe_recompile pc=0x0000023ac37924d0 method=jdk.internal.misc.Unsafe.allocateUninitializedArray(Ljava/lang/Class;I)Ljava/lang/Object; @ 51 c2
Event: 8.863 Thread 0x0000023b11741920 DEOPT PACKING pc=0x0000023ac37924d0 sp=0x000000a24c7f32e0
Event: 8.863 Thread 0x0000023b11741920 DEOPT UNPACKING pc=0x0000023ac30c3aa2 sp=0x000000a24c7f3258 mode 2
Event: 8.953 Thread 0x0000023b11741920 Uncommon trap: trap_request=0xffffff45 fr.pc=0x0000023ac379fb14 relative=0x0000000000000074
Event: 8.953 Thread 0x0000023b11741920 Uncommon trap: reason=unstable_if action=reinterpret pc=0x0000023ac379fb14 method=java.lang.invoke.LambdaForm$BasicType.basicType(C)Ljava/lang/invoke/LambdaForm$BasicType; @ 1 c2
Event: 8.953 Thread 0x0000023b11741920 DEOPT PACKING pc=0x0000023ac379fb14 sp=0x000000a24c7f85b0
Event: 8.953 Thread 0x0000023b11741920 DEOPT UNPACKING pc=0x0000023ac30c3aa2 sp=0x000000a24c7f8548 mode 2
Event: 8.953 Thread 0x0000023b11741920 Uncommon trap: trap_request=0xffffff45 fr.pc=0x0000023ac375b930 relative=0x0000000000000b70
Event: 8.953 Thread 0x0000023b11741920 Uncommon trap: reason=unstable_if action=reinterpret pc=0x0000023ac375b930 method=jdk.internal.org.objectweb.asm.Frame.execute(IILjdk/internal/org/objectweb/asm/Symbol;Ljdk/internal/org/objectweb/asm/SymbolTable;)V @ 1 c2
Event: 8.953 Thread 0x0000023b11741920 DEOPT PACKING pc=0x0000023ac375b930 sp=0x000000a24c7f8380
Event: 8.953 Thread 0x0000023b11741920 DEOPT UNPACKING pc=0x0000023ac30c3aa2 sp=0x000000a24c7f8308 mode 2
Event: 8.998 Thread 0x0000023b11741920 Uncommon trap: trap_request=0xffffff45 fr.pc=0x0000023ac37ac8ac relative=0x00000000000008ac
Event: 8.998 Thread 0x0000023b11741920 Uncommon trap: reason=unstable_if action=reinterpret pc=0x0000023ac37ac8ac method=org.lombokweb.asm.ClassReader.readUTF8(I[C)Ljava/lang/String; @ 11 c2
Event: 8.998 Thread 0x0000023b11741920 DEOPT PACKING pc=0x0000023ac37ac8ac sp=0x000000a24c7efaa0
Event: 8.998 Thread 0x0000023b11741920 DEOPT UNPACKING pc=0x0000023ac30c3aa2 sp=0x000000a24c7efaa8 mode 2

Classes loaded (20 events):
Event: 8.960 Loading class java/util/zip/GZIPInputStream
Event: 8.960 Loading class java/util/zip/GZIPInputStream done
Event: 8.961 Loading class java/io/StringReader
Event: 8.961 Loading class java/io/StringReader done
Event: 8.975 Loading class java/net/SocketTimeoutException
Event: 8.975 Loading class java/io/InterruptedIOException
Event: 8.975 Loading class java/io/InterruptedIOException done
Event: 8.975 Loading class java/net/SocketTimeoutException done
Event: 8.975 Loading class java/net/SocketException
Event: 8.975 Loading class java/net/SocketException done
Event: 8.975 Loading class java/net/UnknownHostException
Event: 8.975 Loading class java/net/UnknownHostException done
Event: 8.975 Loading class java/net/ProtocolException
Event: 8.975 Loading class java/net/ProtocolException done
Event: 8.987 Loading class java/lang/ThreadLocal$SuppliedThreadLocal
Event: 8.987 Loading class java/lang/ThreadLocal$SuppliedThreadLocal done
Event: 8.992 Loading class java/io/FileWriter
Event: 8.992 Loading class java/io/FileWriter done
Event: 8.993 Loading class java/lang/NegativeArraySizeException
Event: 8.993 Loading class java/lang/NegativeArraySizeException done

Classes unloaded (0 events):
No events

Classes redefined (0 events):
No events

Internal exceptions (20 events):
Event: 8.637 Thread 0x0000023b11741920 Exception <a 'java/lang/NoSuchMethodError'{0x00000000d561b450}: 'java.lang.Object java.lang.invoke.DirectMethodHandle$Holder.invokeSpecial(java.lang.Object, java.lang.Object, java.lang.Object, long, java.lang.Object)'> (0x00000000d561b450) 
thrown [s\src\hotspot\share\interpreter\linkResolver.cpp, line 773]
Event: 8.637 Thread 0x0000023b11741920 Exception <a 'java/lang/NoSuchMethodError'{0x00000000d5622c98}: 'java.lang.Object java.lang.invoke.DirectMethodHandle$Holder.newInvokeSpecial(java.lang.Object, java.lang.Object, java.lang.Object, long)'> (0x00000000d5622c98) 
thrown [s\src\hotspot\share\interpreter\linkResolver.cpp, line 773]
Event: 8.637 Thread 0x0000023b11741920 Exception <a 'java/lang/NoSuchMethodError'{0x00000000d5627048}: 'java.lang.Object java.lang.invoke.DirectMethodHandle$Holder.invokeSpecial(java.lang.Object, java.lang.Object, java.lang.Object, java.lang.Object, long)'> (0x00000000d5627048) 
thrown [s\src\hotspot\share\interpreter\linkResolver.cpp, line 773]
Event: 8.638 Thread 0x0000023b11741920 Exception <a 'java/lang/NoSuchMethodError'{0x00000000d562ac68}: 'java.lang.Object java.lang.invoke.Invokers$Holder.linkToTargetMethod(java.lang.Object, java.lang.Object, long, java.lang.Object)'> (0x00000000d562ac68) 
thrown [s\src\hotspot\share\interpreter\linkResolver.cpp, line 773]
Event: 8.645 Thread 0x0000023b11741920 Exception <a 'java/lang/NoSuchMethodError'{0x00000000d568fc30}: 'int java.lang.invoke.DirectMethodHandle$Holder.invokeStaticInit(java.lang.Object, java.lang.Object, java.lang.Object)'> (0x00000000d568fc30) 
thrown [s\src\hotspot\share\interpreter\linkResolver.cpp, line 773]
Event: 8.652 Thread 0x0000023b11741920 Exception <a 'java/lang/IncompatibleClassChangeError'{0x00000000d5777708}: Found class java.lang.Object, but interface was expected> (0x00000000d5777708) 
thrown [s\src\hotspot\share\interpreter\linkResolver.cpp, line 840]
Event: 8.653 Thread 0x0000023b11741920 Exception <a 'java/lang/NoSuchMethodError'{0x00000000d577b1a0}: 'java.lang.Object java.lang.invoke.DirectMethodHandle$Holder.invokeSpecial(java.lang.Object, java.lang.Object, java.lang.Object, int, java.lang.Object, java.lang.Object)'> (0x00000000d577b1a0) 
thrown [s\src\hotspot\share\interpreter\linkResolver.cpp, line 773]
Event: 8.653 Thread 0x0000023b11741920 Exception <a 'java/lang/NoSuchMethodError'{0x00000000d5782bb8}: 'java.lang.Object java.lang.invoke.DirectMethodHandle$Holder.newInvokeSpecial(java.lang.Object, java.lang.Object, java.lang.Object, int, java.lang.Object)'> (0x00000000d5782bb8) 
thrown [s\src\hotspot\share\interpreter\linkResolver.cpp, line 773]
Event: 8.653 Thread 0x0000023b11741920 Exception <a 'java/lang/NoSuchMethodError'{0x00000000d5786b38}: 'java.lang.Object java.lang.invoke.DirectMethodHandle$Holder.invokeSpecial(java.lang.Object, java.lang.Object, java.lang.Object, java.lang.Object, int, java.lang.Object)'> (0x00000000d5786b38) 
thrown [s\src\hotspot\share\interpreter\linkResolver.cpp, line 773]
Event: 8.654 Thread 0x0000023b11741920 Exception <a 'java/lang/NoSuchMethodError'{0x00000000d578a678}: 'java.lang.Object java.lang.invoke.Invokers$Holder.linkToTargetMethod(java.lang.Object, java.lang.Object, int, java.lang.Object, java.lang.Object)'> (0x00000000d578a678) 
thrown [s\src\hotspot\share\interpreter\linkResolver.cpp, line 773]
Event: 8.654 Thread 0x0000023b1696b820 Exception <a 'java/lang/NoSuchMethodError'{0x00000000d56bc820}: 'java.lang.Object java.lang.invoke.DirectMethodHandle$Holder.invokeSpecial(java.lang.Object, java.lang.Object, int, java.lang.Object, java.lang.Object)'> (0x00000000d56bc820) 
thrown [s\src\hotspot\share\interpreter\linkResolver.cpp, line 773]
Event: 8.665 Thread 0x0000023b11741920 Exception <a 'java/lang/NoSuchMethodError'{0x00000000d58c4718}: 'void java.lang.invoke.DirectMethodHandle$Holder.invokeSpecial(java.lang.Object, java.lang.Object, java.lang.Object, java.lang.Object, java.lang.Object)'> (0x00000000d58c4718) 
thrown [s\src\hotspot\share\interpreter\linkResolver.cpp, line 773]
Event: 8.741 Thread 0x0000023b11741920 Exception <a 'java/lang/NoSuchMethodError'{0x00000000d60a8f98}: 'java.lang.Object java.lang.invoke.DirectMethodHandle$Holder.invokeInterface(java.lang.Object, java.lang.Object, java.lang.Object)'> (0x00000000d60a8f98) 
thrown [s\src\hotspot\share\interpreter\linkResolver.cpp, line 773]
Event: 8.779 Thread 0x0000023b11741920 Exception <a 'java/lang/NoSuchMethodError'{0x00000000d652a6f8}: 'java.lang.Object java.lang.invoke.Invokers$Holder.linkToTargetMethod(java.lang.Object, long, java.lang.Object, java.lang.Object)'> (0x00000000d652a6f8) 
thrown [s\src\hotspot\share\interpreter\linkResolver.cpp, line 773]
Event: 8.828 Thread 0x0000023b11741920 Exception <a 'java/io/FileNotFoundException'{0x00000000d6ce3558}> (0x00000000d6ce3558) 
thrown [s\src\hotspot\share\prims\jni.cpp, line 520]
Event: 8.829 Thread 0x0000023b11741920 Exception <a 'java/lang/NoSuchMethodError'{0x00000000d6cec158}: 'java.lang.Object java.lang.invoke.DirectMethodHandle$Holder.newInvokeSpecial(java.lang.Object, int, java.lang.Object, java.lang.Object)'> (0x00000000d6cec158) 
thrown [s\src\hotspot\share\interpreter\linkResolver.cpp, line 773]
Event: 8.897 Thread 0x0000023b11741920 Exception <a 'java/lang/NoSuchMethodError'{0x00000000d5cf6be0}: 'void java.lang.invoke.DirectMethodHandle$Holder.invokeSpecial(java.lang.Object, java.lang.Object, java.lang.Object, int)'> (0x00000000d5cf6be0) 
thrown [s\src\hotspot\share\interpreter\linkResolver.cpp, line 773]
Event: 8.902 Thread 0x0000023b11741920 Exception <a 'java/lang/NoSuchMethodError'{0x00000000d5d60168}: 'long java.lang.invoke.Invokers$Holder.invokeExact_MT(java.lang.Object, java.lang.Object)'> (0x00000000d5d60168) 
thrown [s\src\hotspot\share\interpreter\linkResolver.cpp, line 773]
Event: 8.953 Thread 0x0000023b11741920 Exception <a 'java/lang/NoSuchMethodError'{0x00000000d63f6d38}: 'double java.lang.invoke.DirectMethodHandle$Holder.invokeStatic(java.lang.Object, java.lang.Object)'> (0x00000000d63f6d38) 
thrown [s\src\hotspot\share\interpreter\linkResolver.cpp, line 773]
Event: 8.953 Thread 0x0000023b11741920 Exception <a 'java/lang/NoSuchMethodError'{0x00000000d63fa3c8}: 'double java.lang.invoke.DirectMethodHandle$Holder.invokeStaticInit(java.lang.Object, java.lang.Object)'> (0x00000000d63fa3c8) 
thrown [s\src\hotspot\share\interpreter\linkResolver.cpp, line 773]

ZGC Phase Switch (0 events):
No events

VM Operations (20 events):
Event: 8.342 Executing safepoint VM operation: ParallelGCFailedAllocation (Allocation Failure)
Event: 8.345 Executing safepoint VM operation: ParallelGCFailedAllocation (Allocation Failure) done
Event: 8.586 Executing safepoint VM operation: ICBufferFull
Event: 8.586 Executing safepoint VM operation: ICBufferFull done
Event: 8.606 Executing non-safepoint VM operation: HandshakeAllThreads (Deoptimize)
Event: 8.606 Executing non-safepoint VM operation: HandshakeAllThreads (Deoptimize) done
Event: 8.628 Executing safepoint VM operation: ParallelGCFailedAllocation (Allocation Failure)
Event: 8.631 Executing safepoint VM operation: ParallelGCFailedAllocation (Allocation Failure) done
Event: 8.700 Executing non-safepoint VM operation: HandshakeAllThreads (Deoptimize)
Event: 8.700 Executing non-safepoint VM operation: HandshakeAllThreads (Deoptimize) done
Event: 8.721 Executing non-safepoint VM operation: HandshakeAllThreads (Deoptimize)
Event: 8.721 Executing non-safepoint VM operation: HandshakeAllThreads (Deoptimize) done
Event: 8.725 Executing non-safepoint VM operation: HandshakeAllThreads (Deoptimize)
Event: 8.725 Executing non-safepoint VM operation: HandshakeAllThreads (Deoptimize) done
Event: 8.787 Executing safepoint VM operation: ICBufferFull
Event: 8.787 Executing safepoint VM operation: ICBufferFull done
Event: 8.837 Executing safepoint VM operation: ParallelGCFailedAllocation (Allocation Failure)
Event: 8.841 Executing safepoint VM operation: ParallelGCFailedAllocation (Allocation Failure) done
Event: 9.005 Executing safepoint VM operation: ParallelGCFailedAllocation (Allocation Failure)
Event: 9.009 Executing safepoint VM operation: ParallelGCFailedAllocation (Allocation Failure) done

Memory protections (0 events):
No events

Nmethod flushes (0 events):
No events

Events (20 events):
Event: 0.389 Thread 0x0000023ab6586460 Thread added: 0x0000023ab888edb0
Event: 0.389 Thread 0x0000023ab6586460 Thread added: 0x0000023ab889e7e0
Event: 0.389 Thread 0x0000023ab6586460 Thread added: 0x0000023ab88a0170
Event: 0.389 Thread 0x0000023ab6586460 Thread added: 0x0000023ab88a1630
Event: 0.427 Thread 0x0000023ab6586460 Thread added: 0x0000023b11740c00
Event: 0.513 Thread 0x0000023ab88a1630 Thread added: 0x0000023b11775d90
Event: 0.594 Thread 0x0000023ab6586460 Thread added: 0x0000023b11740570
Event: 1.250 Thread 0x0000023ab6586460 Thread added: 0x0000023b11741290
Event: 1.573 Thread 0x0000023b11775d90 Thread exited: 0x0000023b11775d90
Event: 4.381 Thread 0x0000023ab6586460 Thread added: 0x0000023b1173fee0
Event: 4.407 Thread 0x0000023b1173fee0 Thread added: 0x0000023b11743360
Event: 4.409 Thread 0x0000023ab6586460 Thread added: 0x0000023b11741920
Event: 4.502 Thread 0x0000023ab88a1630 Thread added: 0x0000023b16891de0
Event: 4.801 Thread 0x0000023b11741920 Thread added: 0x0000023b11742cd0
Event: 5.000 Thread 0x0000023b16891de0 Thread exited: 0x0000023b16891de0
Event: 8.325 Thread 0x0000023b11741920 Thread added: 0x0000023b11741fb0
Event: 8.374 Thread 0x0000023ab88a1630 Thread added: 0x0000023b1699a990
Event: 8.502 Thread 0x0000023b11741920 Thread added: 0x0000023b11742640
Event: 8.641 Thread 0x0000023b11741920 Thread added: 0x0000023b1696b820
Event: 8.655 Thread 0x0000023b11741920 Thread added: 0x0000023b1696c540


Dynamic libraries:
0x00007ff6858c0000 - 0x00007ff6858ce000 	c:\Users\nobuh\.vscode\extensions\redhat.java-1.54.0-win32-x64\jre\21.0.10-win32-x86_64\bin\java.exe
0x00007ffa09b20000 - 0x00007ffa09d87000 	C:\WINDOWS\SYSTEM32\ntdll.dll
0x00007ff9c0cc0000 - 0x00007ff9c0ce1000 	C:\Program Files\Norton\Suite\aswhook.dll
0x00007ffa098f0000 - 0x00007ffa099b9000 	C:\WINDOWS\System32\KERNEL32.DLL
0x00007ffa07330000 - 0x00007ffa07727000 	C:\WINDOWS\System32\KERNELBASE.dll
0x00007ffa03fb0000 - 0x00007ffa04050000 	C:\WINDOWS\SYSTEM32\apphelp.dll
0x00007ffa06f40000 - 0x00007ffa0708b000 	C:\WINDOWS\System32\ucrtbase.dll
0x00007ff9cd620000 - 0x00007ff9cd638000 	c:\Users\nobuh\.vscode\extensions\redhat.java-1.54.0-win32-x64\jre\21.0.10-win32-x86_64\bin\jli.dll
0x00007ffa079a0000 - 0x00007ffa07b66000 	C:\WINDOWS\System32\USER32.dll
0x00007ffa07090000 - 0x00007ffa070b7000 	C:\WINDOWS\System32\win32u.dll
0x00007ffa09720000 - 0x00007ffa0974b000 	C:\WINDOWS\System32\GDI32.dll
0x00007ffa07200000 - 0x00007ffa0732c000 	C:\WINDOWS\System32\gdi32full.dll
0x00007ffa07730000 - 0x00007ffa077d3000 	C:\WINDOWS\System32\msvcp_win.dll
0x00007ff9c9420000 - 0x00007ff9c943e000 	c:\Users\nobuh\.vscode\extensions\redhat.java-1.54.0-win32-x64\jre\21.0.10-win32-x86_64\bin\VCRUNTIME140.dll
0x00007ff9e7e20000 - 0x00007ff9e80b2000 	C:\WINDOWS\WinSxS\amd64_microsoft.windows.common-controls_6595b64144ccf1df_6.0.26100.8328_none_3e08182ce334b678\COMCTL32.dll
0x00007ffa07f00000 - 0x00007ffa07fa9000 	C:\WINDOWS\System32\msvcrt.dll
0x00007ffa078a0000 - 0x00007ffa078d2000 	C:\WINDOWS\System32\IMM32.DLL
0x00007ff9dadf0000 - 0x00007ff9dadfc000 	c:\Users\nobuh\.vscode\extensions\redhat.java-1.54.0-win32-x64\jre\21.0.10-win32-x86_64\bin\vcruntime140_1.dll
0x00007ff9a9cb0000 - 0x00007ff9a9d3d000 	c:\Users\nobuh\.vscode\extensions\redhat.java-1.54.0-win32-x64\jre\21.0.10-win32-x86_64\bin\msvcp140.dll
0x00007ff9187e0000 - 0x00007ff919581000 	c:\Users\nobuh\.vscode\extensions\redhat.java-1.54.0-win32-x64\jre\21.0.10-win32-x86_64\bin\server\jvm.dll
0x00007ffa095b0000 - 0x00007ffa09666000 	C:\WINDOWS\System32\ADVAPI32.dll
0x00007ffa09670000 - 0x00007ffa09717000 	C:\WINDOWS\System32\sechost.dll
0x00007ffa099c0000 - 0x00007ffa09ad8000 	C:\WINDOWS\System32\RPCRT4.dll
0x00007ffa080b0000 - 0x00007ffa08130000 	C:\WINDOWS\System32\WS2_32.dll
0x00007ffa06300000 - 0x00007ffa0635e000 	C:\WINDOWS\SYSTEM32\POWRPROF.dll
0x00007ff9fa2f0000 - 0x00007ff9fa326000 	C:\WINDOWS\SYSTEM32\WINMM.dll
0x00007ff9ffa50000 - 0x00007ff9ffa5b000 	C:\WINDOWS\SYSTEM32\VERSION.dll
0x00007ffa061e0000 - 0x00007ffa061f4000 	C:\WINDOWS\SYSTEM32\UMPDC.dll
0x00007ffa052e0000 - 0x00007ffa052fb000 	C:\WINDOWS\SYSTEM32\kernel.appcore.dll
0x00007ff9dace0000 - 0x00007ff9dacea000 	c:\Users\nobuh\.vscode\extensions\redhat.java-1.54.0-win32-x64\jre\21.0.10-win32-x86_64\bin\jimage.dll
0x00007ff9f2bb0000 - 0x00007ff9f2df2000 	C:\WINDOWS\SYSTEM32\DBGHELP.DLL
0x00007ffa08f80000 - 0x00007ffa09303000 	C:\WINDOWS\System32\combase.dll
0x00007ffa09310000 - 0x00007ffa093e9000 	C:\WINDOWS\System32\OLEAUT32.dll
0x00007ff9f3030000 - 0x00007ff9f306b000 	C:\WINDOWS\SYSTEM32\dbgcore.DLL
0x00007ffa070c0000 - 0x00007ffa07168000 	C:\WINDOWS\System32\bcryptPrimitives.dll
0x00007ff9e1a00000 - 0x00007ff9e1a0f000 	c:\Users\nobuh\.vscode\extensions\redhat.java-1.54.0-win32-x64\jre\21.0.10-win32-x86_64\bin\instrument.dll
0x00007ff9c7760000 - 0x00007ff9c7780000 	c:\Users\nobuh\.vscode\extensions\redhat.java-1.54.0-win32-x64\jre\21.0.10-win32-x86_64\bin\java.dll
0x00007ffa08710000 - 0x00007ffa08e7e000 	C:\WINDOWS\System32\SHELL32.dll
0x00007ffa066d0000 - 0x00007ffa06f3c000 	C:\WINDOWS\System32\windows.storage.dll
0x00007ffa097e0000 - 0x00007ffa098d6000 	C:\WINDOWS\System32\SHCORE.dll
0x00007ffa08f10000 - 0x00007ffa08f76000 	C:\WINDOWS\System32\shlwapi.dll
0x00007ffa06470000 - 0x00007ffa06499000 	C:\WINDOWS\SYSTEM32\profapi.dll
0x00007ff9c6b40000 - 0x00007ff9c6b58000 	c:\Users\nobuh\.vscode\extensions\redhat.java-1.54.0-win32-x64\jre\21.0.10-win32-x86_64\bin\zip.dll
0x00007ff9dac80000 - 0x00007ff9dac90000 	C:\Users\nobuh\.vscode\extensions\redhat.java-1.54.0-win32-x64\jre\21.0.10-win32-x86_64\bin\net.dll
0x00007ff9fa890000 - 0x00007ff9fa9b9000 	C:\WINDOWS\SYSTEM32\WINHTTP.dll
0x00007ffa05850000 - 0x00007ffa058bc000 	C:\WINDOWS\system32\mswsock.dll
0x00007ff9c4f60000 - 0x00007ff9c4f76000 	C:\Users\nobuh\.vscode\extensions\redhat.java-1.54.0-win32-x64\jre\21.0.10-win32-x86_64\bin\nio.dll
0x00007ff9de2b0000 - 0x00007ff9de2c0000 	c:\Users\nobuh\.vscode\extensions\redhat.java-1.54.0-win32-x64\jre\21.0.10-win32-x86_64\bin\verify.dll
0x00007ff9a3020000 - 0x00007ff9a3065000 	C:\Users\nobuh\AppData\Roaming\Code\User\globalStorage\redhat.java\1.54.0\config_win\org.eclipse.equinox.launcher\org.eclipse.equinox.launcher.win32.win32.x86_64_1.3.0.v20260203-2149\eclipse_11919.dll
0x00007ffa093f0000 - 0x00007ffa09587000 	C:\WINDOWS\System32\ole32.dll

JVMTI agents:
c:\Users\nobuh\.vscode\extensions\redhat.java-1.54.0-win32-x64\lombok\lombok-1.18.39-4050.jar path:c:\Users\nobuh\.vscode\extensions\redhat.java-1.54.0-win32-x64\jre\21.0.10-win32-x86_64\bin\instrument.dll, loaded, initialized, instrumentlib options:none

dbghelp: loaded successfully - version: 4.0.5 - missing functions: none
symbol engine: initialized successfully - sym options: 0x614 - pdb path: .;c:\Users\nobuh\.vscode\extensions\redhat.java-1.54.0-win32-x64\jre\21.0.10-win32-x86_64\bin;C:\WINDOWS\SYSTEM32;C:\Program Files\Norton\Suite;C:\WINDOWS\WinSxS\amd64_microsoft.windows.common-controls_6595b64144ccf1df_6.0.26100.8328_none_3e08182ce334b678;c:\Users\nobuh\.vscode\extensions\redhat.java-1.54.0-win32-x64\jre\21.0.10-win32-x86_64\bin\server;C:\Users\nobuh\AppData\Roaming\Code\User\globalStorage\redhat.java\1.54.0\config_win\org.eclipse.equinox.launcher\org.eclipse.equinox.launcher.win32.win32.x86_64_1.3.0.v20260203-2149

VM Arguments:
jvm_args: --add-modules=ALL-SYSTEM --add-opens=java.base/java.util=ALL-UNNAMED --add-opens=java.base/java.lang=ALL-UNNAMED --add-opens=java.base/sun.nio.fs=ALL-UNNAMED -Declipse.application=org.eclipse.jdt.ls.core.id1 -Dosgi.bundles.defaultStartLevel=4 -Declipse.product=org.eclipse.jdt.ls.core.product -Djava.import.generatesMetadataFilesAtProjectRoot=false -DDetectVMInstallationsJob.disabled=true -Dfile.encoding=utf8 -XX:+UseParallelGC -XX:GCTimeRatio=4 -XX:AdaptiveSizePolicyWeight=90 -Dsun.zip.disableMemoryMapping=true -Xmx2G -Xms100m -Xlog:disable -javaagent:c:\Users\nobuh\.vscode\extensions\redhat.java-1.54.0-win32-x64\lombok\lombok-1.18.39-4050.jar -XX:+HeapDumpOnOutOfMemoryError -XX:HeapDumpPath=c:\Users\nobuh\AppData\Roaming\Code\User\workspaceStorage\8fcf4e0a9fa42aa3b537d3a159f80eb2\redhat.java -Daether.dependencyCollector.impl=bf 
java_command: c:\Users\nobuh\.vscode\extensions\redhat.java-1.54.0-win32-x64\server\plugins\org.eclipse.equinox.launcher_1.7.100.v20251111-0406.jar -configuration c:\Users\nobuh\AppData\Roaming\Code\User\globalStorage\redhat.java\1.54.0\config_win -data c:\Users\nobuh\AppData\Roaming\Code\User\workspaceStorage\8fcf4e0a9fa42aa3b537d3a159f80eb2\redhat.java\jdt_ws --pipe=\\.\pipe\lsp-c9a6060771d0defabc90ab11fe301775-sock
java_class_path (initial): c:\Users\nobuh\.vscode\extensions\redhat.java-1.54.0-win32-x64\server\plugins\org.eclipse.equinox.launcher_1.7.100.v20251111-0406.jar
Launcher Type: SUN_STANDARD

[Global flags]
    uintx AdaptiveSizePolicyWeight                 = 90                                        {product} {command line}
     intx CICompilerCount                          = 3                                         {product} {ergonomic}
    uintx GCTimeRatio                              = 4                                         {product} {command line}
     bool HeapDumpOnOutOfMemoryError               = true                                   {manageable} {command line}
    ccstr HeapDumpPath                             = c:\Users\nobuh\AppData\Roaming\Code\User\workspaceStorage\8fcf4e0a9fa42aa3b537d3a159f80eb2\redhat.java         {manageable} {command line}
   size_t InitialHeapSize                          = 104857600                                 {product} {command line}
   size_t MaxHeapSize                              = 2147483648                                {product} {command line}
   size_t MaxNewSize                               = 715653120                                 {product} {ergonomic}
   size_t MinHeapDeltaBytes                        = 524288                                    {product} {ergonomic}
   size_t MinHeapSize                              = 104857600                                 {product} {command line}
   size_t NewSize                                  = 34603008                                  {product} {ergonomic}
    uintx NonNMethodCodeHeapSize                   = 5832780                                {pd product} {ergonomic}
    uintx NonProfiledCodeHeapSize                  = 122912730                              {pd product} {ergonomic}
   size_t OldSize                                  = 70254592                                  {product} {ergonomic}
    uintx ProfiledCodeHeapSize                     = 122912730                              {pd product} {ergonomic}
    uintx ReservedCodeCacheSize                    = 251658240                              {pd product} {ergonomic}
     bool SegmentedCodeCache                       = true                                      {product} {ergonomic}
   size_t SoftMaxHeapSize                          = 2147483648                             {manageable} {ergonomic}
     bool UseCompressedOops                        = true                           {product lp64_product} {ergonomic}
     bool UseLargePagesIndividualAllocation        = false                                  {pd product} {ergonomic}
     bool UseParallelGC                            = true                                      {product} {command line}

Logging:
Log output configuration:
 #0: stdout all=off uptime,level,tags foldmultilines=false
 #1: stderr all=off uptime,level,tags foldmultilines=false

Release file:
JAVA_VERSION="21.0.10" 
MODULES="java.base java.compiler java.datatransfer java.xml java.prefs java.desktop java.instrument java.logging java.management java.security.sasl java.naming java.rmi java.management.rmi java.net.http java.scripting java.security.jgss java.transaction.xa java.sql java.sql.rowset java.xml.crypto java.se java.smartcardio jdk.accessibility jdk.internal.jvmstat jdk.attach jdk.charsets jdk.internal.opt jdk.zipfs jdk.compiler jdk.crypto.ec jdk.crypto.cryptoki jdk.crypto.mscapi jdk.dynalink jdk.internal.ed jdk.editpad jdk.hotspot.agent jdk.httpserver jdk.internal.le jdk.internal.vm.ci jdk.internal.vm.compiler jdk.internal.vm.compiler.management jdk.jartool jdk.javadoc jdk.jcmd jdk.management jdk.management.agent jdk.jconsole jdk.jdeps jdk.jdwp.agent jdk.jdi jdk.jfr jdk.jshell jdk.jsobject jdk.jstatd jdk.localedata jdk.management.jfr jdk.naming.dns jdk.naming.rmi jdk.net jdk.nio.mapmode jdk.random jdk.sctp jdk.security.auth jdk.security.jgss jdk.unsupported jdk.unsupported.desktop jdk.xml.dom" 

Environment Variables:
PATH=C:\Program Files\Microsoft VS Code;C:\Program Files\Common Files\Oracle\Java\javapath;C:\Program Files (x86)\Intel\Intel(R) Management Engine Components\iCLS\;C:\Program Files\Intel\Intel(R) Management Engine Components\iCLS\;C:\Windows\system32;C:\Windows;C:\Windows\System32\Wbem;C:\Windows\System32\WindowsPowerShell\v1.0\;C:\Program Files (x86)\Intel\Intel(R) Management Engine Components\DAL;C:\Program Files\Intel\Intel(R) Management Engine Components\DAL;C:\Program Files (x86)\Intel\Intel(R) Management Engine Components\IPT;C:\Program Files\Intel\Intel(R) Management Engine Components\IPT;C:\Program Files (x86)\NVIDIA Corporation\PhysX\Common;C:\WINDOWS\system32;C:\WINDOWS;C:\WINDOWS\System32\Wbem;C:\WINDOWS\System32\WindowsPowerShell\v1.0\;C:\WINDOWS\System32\OpenSSH\;C:\Program Files (x86)\Wolfram Research\WolframScript\;C:\Program Files\Microsoft SQL Server\130\Tools\Binn\;C:\Program Files\NVIDIA Corporation\NVIDIA NvDLISR;C:\Program Files\dotnet\;C:\WINDOWS\system32;C:\WINDOWS;C:\WINDOWS\System32\Wbem;C:\WINDOWS\System32\WindowsPowerShell\v1.0\;C:\WINDOWS\System32\OpenSSH\;C:\Program Files\Git\cmd;C:\Program Files\TortoiseGit\bin;C:\Program Files (x86)\Windows Kits\10\Windows Performance Toolkit\;C:\texlive\2026\bin\windows;C:\Users\nobuh\AppData\Local\Microsoft\WindowsApps;C:\Users\nobuh\AppData\Local\GitHubDesktop\bin;C:\Users\nobuh\.dotnet\tools;C:\Program Files\Microsoft VS Code\bin;C:\Users\nobuh\AppData\Local\Python\bin;C:\texlive\2026\bin\windows
USERNAME=nobuh
OS=Windows_NT
PROCESSOR_IDENTIFIER=Intel64 Family 6 Model 158 Stepping 10, GenuineIntel
TMP=C:\Users\nobuh\AppData\Local\Temp
TEMP=C:\Users\nobuh\AppData\Local\Temp




Periodic native trim disabled

---------------  S Y S T E M  ---------------

OS:
 Windows 11 , 64 bit Build 26100 (10.0.26100.8328)
OS uptime: 3 days 7:10 hours

CPU: total 6 (initial active 6) (6 cores per cpu, 1 threads per core) family 6 model 158 stepping 10 microcode 0xde, cx8, cmov, fxsr, mmx, 3dnowpref, sse, sse2, sse3, ssse3, sse4.1, sse4.2, popcnt, lzcnt, tsc, tscinvbit, avx, avx2, aes, erms, clmul, bmi1, bmi2, rtm, adx, fma, vzeroupper, clflush, clflushopt, rdtscp, f16c
Processor Information for the first 6 processors :
  Max Mhz: 3000, Current Mhz: 3000, Mhz Limit: 3000

Memory: 4k page, system-wide physical 16288M (5254M free)
TotalPageFile size 34407M (AvailPageFile size 1M)
current process WorkingSet (physical memory assigned to process): 155M, peak: 155M
current process commit charge ("private bytes"): 275M, peak: 279M

vm_info: OpenJDK 64-Bit Server VM (21.0.10+7-LTS) for windows-amd64 JRE (21.0.10+7-LTS), built on 2026-01-20T00:00:00Z by "admin" with MS VC++ 17.12 (VS2022)

END.
